<?xml version="1.0" encoding="UTF-8" ?>
<testsuite tests="6" failures="1" name="Codes_DataTest" time="0.205" errors="0" skipped="0">
  <properties>
[...]
</properties>
  <testcase classname="Codes_DataTest" name="NullTest" time="0.001"/>
  <testcase classname="Codes_DataTest" name="CityCodeTest" time="0.001"/>
  <testcase classname="Codes_DataTest" name="WindSpeedTest" time="0"/>
  <testcase classname="Codes_DataTest" name="checkUrlTest" time="0.102">
    <failure message="expected:&lt;...ology/cities/daily/1[1214]00.json&gt; but was:&lt;...ology/cities/daily/1[0105]00.json&gt;" type="org.junit.ComparisonFailure">org.junit.ComparisonFailure: expected:&lt;...ology/cities/daily/1[1214]00.json&gt; but was:&lt;...ology/cities/daily/1[0105]00.json&gt;
	at org.junit.Assert.assertEquals(Assert.java:115)
	at org.junit.Assert.assertEquals(Assert.java:144)
	at Codes_DataTest.checkUrlTest(Codes_DataTest.java:42)
	at sun.reflect.NativeMethodAccessorImpl.invoke0(Native Method)
	at sun.reflect.NativeMethodAccessorImpl.invoke(NativeMethodAccessorImpl.java:62)
	at sun.reflect.DelegatingMethodAccessorImpl.invoke(DelegatingMethodAccessorImpl.java:43)
	at java.lang.reflect.Method.invoke(Method.java:498)
	at org.junit.runners.model.FrameworkMethod$1.runReflectiveCall(FrameworkMethod.java:50)
	at org.junit.internal.runners.model.ReflectiveCallable.run(ReflectiveCallable.java:12)
	at org.junit.runners.model.FrameworkMethod.invokeExplosively(FrameworkMethod.java:47)
	at org.junit.internal.runners.statements.InvokeMethod.evaluate(InvokeMethod.java:17)
	at org.junit.internal.runners.statements.RunBefores.evaluate(RunBefores.java:26)
	at org.junit.internal.runners.statements.RunAfters.evaluate(RunAfters.java:27)
	at org.junit.runners.ParentRunner.runLeaf(ParentRunner.java:325)
	at org.junit.runners.BlockJUnit4ClassRunner.runChild(BlockJUnit4ClassRunner.java:78)
	at org.junit.runners.BlockJUnit4ClassRunner.runChild(BlockJUnit4ClassRunner.java:57)
	at org.junit.runners.ParentRunner$3.run(ParentRunner.java:290)
	at org.junit.runners.ParentRunner$1.schedule(ParentRunner.java:71)
	at org.junit.runners.ParentRunner.runChildren(ParentRunner.java:288)
	at org.junit.runners.ParentRunner.access$000(ParentRunner.java:58)
	at org.junit.runners.ParentRunner$2.evaluate(ParentRunner.java:268)
	at org.junit.internal.runners.statements.RunBefores.evaluate(RunBefores.java:26)
	at org.junit.internal.runners.statements.RunAfters.evaluate(RunAfters.java:27)
	at org.junit.runners.ParentRunner.run(ParentRunner.java:363)
	at org.apache.maven.surefire.junit4.JUnit4TestSet.execute(JUnit4TestSet.java:53)
	at org.apache.maven.surefire.junit4.JUnit4Provider.executeTestSet(JUnit4Provider.java:123)
	at org.apache.maven.surefire.junit4.JUnit4Provider.invoke(JUnit4Provider.java:104)
	at sun.reflect.NativeMethodAccessorImpl.invoke0(Native Method)
	at sun.reflect.NativeMethodAccessorImpl.invoke(NativeMethodAccessorImpl.java:62)
	at sun.reflect.DelegatingMethodAccessorImpl.invoke(DelegatingMethodAccessorImpl.java:43)
	at java.lang.reflect.Method.invoke(Method.java:498)
	at org.apache.maven.surefire.util.ReflectionUtils.invokeMethodWithArray(ReflectionUtils.java:164)
	at org.apache.maven.surefire.booter.ProviderFactory$ProviderProxy.invoke(ProviderFactory.java:110)
	at org.apache.maven.surefire.booter.SurefireStarter.invokeProvider(SurefireStarter.java:175)
	at org.apache.maven.surefire.booter.SurefireStarter.runSuitesInProcessWhenForked(SurefireStarter.java:107)
	at org.apache.maven.surefire.booter.ForkedBooter.main(ForkedBooter.java:68)
</failure>
    <system-out>
Sending &apos;GET&apos; request to URL : http://api.ipma.pt/open-data/forecast/meteorology/cities/daily/1121400.json
Response Code : 200
result after Reading JSON Response
--------------------------------------------
[{&quot;tMax&quot;:&quot;24.8&quot;,&quot;precipitaProb&quot;:&quot;0.0&quot;,&quot;latitude&quot;:&quot;39.2900&quot;,&quot;idWeatherType&quot;:1,&quot;tMin&quot;:&quot;15.3&quot;,&quot;predWindDir&quot;:&quot;E&quot;,&quot;classWindSpeed&quot;:2,&quot;longitude&quot;:&quot;-7.4200&quot;,&quot;forecastDate&quot;:&quot;2019-05-04&quot;},{&quot;tMax&quot;:&quot;25.7&quot;,&quot;precipitaProb&quot;:&quot;0.0&quot;,&quot;latitude&quot;:&quot;39.2900&quot;,&quot;idWeatherType&quot;:2,&quot;tMin&quot;:&quot;13.2&quot;,&quot;predWindDir&quot;:&quot;W&quot;,&quot;classWindSpeed&quot;:2,&quot;longitude&quot;:&quot;-7.4200&quot;,&quot;forecastDate&quot;:&quot;2019-05-05&quot;},{&quot;tMax&quot;:&quot;20.6&quot;,&quot;precipitaProb&quot;:&quot;0.0&quot;,&quot;latitude&quot;:&quot;39.2900&quot;,&quot;idWeatherType&quot;:3,&quot;tMin&quot;:&quot;11.0&quot;,&quot;predWindDir&quot;:&quot;W&quot;,&quot;classWindSpeed&quot;:2,&quot;longitude&quot;:&quot;-7.4200&quot;,&quot;forecastDate&quot;:&quot;2019-05-06&quot;},{&quot;tMax&quot;:&quot;19.2&quot;,&quot;precipitaProb&quot;:&quot;48.0&quot;,&quot;latitude&quot;:&quot;39.2900&quot;,&quot;idWeatherType&quot;:3,&quot;tMin&quot;:&quot;11.7&quot;,&quot;predWindDir&quot;:&quot;W&quot;,&quot;classWindSpeed&quot;:2,&quot;longitude&quot;:&quot;-7.4200&quot;,&quot;forecastDate&quot;:&quot;2019-05-07&quot;},{&quot;tMax&quot;:&quot;18.6&quot;,&quot;precipitaProb&quot;:&quot;92.0&quot;,&quot;latitude&quot;:&quot;39.2900&quot;,&quot;idWeatherType&quot;:9,&quot;classPrecInt&quot;:2,&quot;tMin&quot;:&quot;12.0&quot;,&quot;predWindDir&quot;:&quot;SW&quot;,&quot;classWindSpeed&quot;:2,&quot;longitude&quot;:&quot;-7.4200&quot;,&quot;forecastDate&quot;:&quot;2019-05-08&quot;}]
911
ola
1010500
adeus
gay
GET: [{&quot;tMax&quot;:&quot;24.8&quot;,&quot;precipitaProb&quot;:&quot;0.0&quot;,&quot;latitude&quot;:&quot;39.2900&quot;,&quot;idWeatherType&quot;:1,&quot;tMin&quot;:&quot;15.3&quot;,&quot;predWindDir&quot;:&quot;E&quot;,&quot;classWindSpeed&quot;:2,&quot;longitude&quot;:&quot;-7.4200&quot;,&quot;forecastDate&quot;:&quot;2019-05-04&quot;},{&quot;tMax&quot;:&quot;25.7&quot;,&quot;precipitaProb&quot;:&quot;0.0&quot;,&quot;latitude&quot;:&quot;39.2900&quot;,&quot;idWeatherType&quot;:2,&quot;tMin&quot;:&quot;13.2&quot;,&quot;predWindDir&quot;:&quot;W&quot;,&quot;classWindSpeed&quot;:2,&quot;longitude&quot;:&quot;-7.4200&quot;,&quot;forecastDate&quot;:&quot;2019-05-05&quot;},{&quot;tMax&quot;:&quot;20.6&quot;,&quot;precipitaProb&quot;:&quot;0.0&quot;,&quot;latitude&quot;:&quot;39.2900&quot;,&quot;idWeatherType&quot;:3,&quot;tMin&quot;:&quot;11.0&quot;,&quot;predWindDir&quot;:&quot;W&quot;,&quot;classWindSpeed&quot;:2,&quot;longitude&quot;:&quot;-7.4200&quot;,&quot;forecastDate&quot;:&quot;2019-05-06&quot;},{&quot;tMax&quot;:&quot;19.2&quot;,&quot;precipitaProb&quot;:&quot;48.0&quot;,&quot;latitude&quot;:&quot;39.2900&quot;,&quot;idWeatherType&quot;:3,&quot;tMin&quot;:&quot;11.7&quot;,&quot;predWindDir&quot;:&quot;W&quot;,&quot;classWindSpeed&quot;:2,&quot;longitude&quot;:&quot;-7.4200&quot;,&quot;forecastDate&quot;:&quot;2019-05-07&quot;},{&quot;tMax&quot;:&quot;18.6&quot;,&quot;precipitaProb&quot;:&quot;92.0&quot;,&quot;latitude&quot;:&quot;39.2900&quot;,&quot;idWeatherType&quot;:9,&quot;classPrecInt&quot;:2,&quot;tMin&quot;:&quot;12.0&quot;,&quot;predWindDir&quot;:&quot;SW&quot;,&quot;classWindSpeed&quot;:2,&quot;longitude&quot;:&quot;-7.4200&quot;,&quot;forecastDate&quot;:&quot;2019-05-08&quot;}]
------------------------------------------------------------
tMin: 24.8
tMin: 25.7
tMin: 20.6
tMin: 19.2
tMin: 18.6
size: 5
HERE tMin
1
2
3
3
9
911
http://api.ipma.pt/open-data/forecast/meteorology/cities/daily/1121400.json
</system-out>
  </testcase>
  <testcase classname="Codes_DataTest" name="SizeTest" time="0"/>
  <testcase classname="Codes_DataTest" name="idWeatherTypeTest" time="0"/>
</testsuite>